<?xml version="1.0" encoding="UTF-8"?>
<!-- Generated by org.testng.reporters.JUnitReportReporter -->
<testsuite skipped="0" hostname="DESKTOP-I2OMO5N" name="sleniumTestNg.CreateLead" tests="1" failures="0" timestamp="2020-07-06T21:12:01 IST" time="20.548" errors="0">
  <testcase name="createLead_001" time="20.548" classname="sleniumTestNg.CreateLead"/>
</testsuite> <!-- sleniumTestNg.CreateLead -->
