<?xml version="1.0" encoding="UTF-8"?>
<!-- Generated by org.testng.reporters.JUnitReportReporter -->
<testsuite skipped="0" hostname="DESKTOP-I2OMO5N" name="sleniumTestNg.EditLead" tests="1" failures="0" timestamp="2020-07-06T21:10:22 IST" time="30.605" errors="0">
  <testcase name="editLead_002" time="30.605" classname="sleniumTestNg.EditLead"/>
</testsuite> <!-- sleniumTestNg.EditLead -->
